==========================================
SLURM_JOB_ID = 9530084
SLURM_SUBMIT_DIR = /home/bcheng4/TwoCapital_Shrink
SLURM_JOB_NODELIST = mcn24
==========================================
h1_29
Program starts Sat Jul 23 19:29:56 CDT 2022
Grid dimension: [102, 81, 111]

Grid step: [0.04999999999999982, 0.05, 0.04999999999999982]

-------------------------------------------
------------Post damage, Tech II----------
-------------------------------------------
Iteration 1: LHS Error: 0.01691829354475871; RHS Error 0.01693520951862204
Iteration 2: LHS Error: 0.016901392052410813; RHS Error 0.016918291301164394
Iteration 3: LHS Error: 0.016884507450800612; RHS Error 0.016901389984701885
Iteration 4: LHS Error: 0.01686763972260863; RHS Error 0.016884505552356946
Iteration 5: LHS Error: 0.016850788850657494; RHS Error 0.016867637987270756
Converged. Total iteration 5: LHS Error: 0.016850788850657494; RHS Error 0.016867637987270756
-------------------------------------------
------------Post damage, Tech I-----------
-------------------------------------------
Grid dimension: [102, 81, 111]

Grid step: [0.04999999999999982, 0.05, 0.04999999999999982]

-----------------------------------
---------Epoch 0---------------
-----------------------------------
min i: 0.0013633079919182012,	 max i: 0.0013633079919182095	
min e: 1e-18,	 max e: 0.15502841545993507	
min x: 1.1558239524972163,	 max x: 2.455380636222217e+18	
petsc total: 0.843s
PETSc preconditioned residual norm is 3.53562e-10; iterations: 10
Epoch 0 (PETSc): PDE Error: 702205257321666432.0000000000; False Transient Error: 56.6379134839
Epoch time: 7.0911
-----------------------------------
---------Epoch 1---------------
-----------------------------------
min i: 0.0013496749119990203,	 max i: 0.0013496749119990285	
min e: 0.008864659688778878,	 max e: 1.1814359882070755	
min x: 1.144265712972244,	 max x: 2.430826829859995e+18	
petsc total: 0.673s
PETSc preconditioned residual norm is 3.21904e-10; iterations: 10
Epoch 1 (PETSc): PDE Error: 49765.9504669257; False Transient Error: 2.1983663674
Epoch time: 6.9766
-----------------------------------
---------Epoch 2---------------
-----------------------------------
min i: 0.0013361781628790312,	 max i: 0.0013361781628790394	
min e: 0.016348230316430477,	 max e: 2.3510576165320805	
min x: 1.1328230558425216,	 max x: 2.406518561561395e+18	
petsc total: 0.671s
PETSc preconditioned residual norm is 3.44313e-10; iterations: 10
Epoch 2 (PETSc): PDE Error: 122746.5062713280; False Transient Error: 0.9065297174
Epoch time: 6.9928
-----------------------------------
---------Epoch 3---------------
-----------------------------------
min i: 0.001322816381250242,	 max i: 0.00132281638125025	
min e: 0.023756965237805558,	 max e: 3.5089830317585244	
min x: 1.1214948252840964,	 max x: 2.382453375945781e+18	
petsc total: 0.684s
PETSc preconditioned residual norm is 3.84808e-10; iterations: 10
Epoch 3 (PETSc): PDE Error: 48972.0801222943; False Transient Error: 0.5433755306
Epoch time: 6.9388
-----------------------------------
---------Epoch 4---------------
-----------------------------------
min i: 0.0013095882174377405,	 max i: 0.0013095882174377486	
min e: 0.03109161280996689,	 max e: 4.6553291928327045	
min x: 1.1102798770312554,	 max x: 2.3586288421863235e+18	
petsc total: 0.679s
PETSc preconditioned residual norm is 4.31495e-10; iterations: 10
Epoch 4 (PETSc): PDE Error: 72472.9048598753; False Transient Error: 0.4852353277
Epoch time: 6.9396
Program ends Sat Jul 23 19:30:52 CDT 2022
