==========================================
SLURM_JOB_ID = 9530068
SLURM_SUBMIT_DIR = /home/bcheng4/TwoCapital_Shrink
SLURM_JOB_NODELIST = mcn30
==========================================
h1_13
Program starts Sat Jul 23 19:29:53 CDT 2022
Grid dimension: [102, 81, 111]

Grid step: [0.04999999999999982, 0.05, 0.04999999999999982]

-------------------------------------------
------------Post damage, Tech II----------
-------------------------------------------
Iteration 1: LHS Error: 0.01691829354475871; RHS Error 0.01693520951862204
Iteration 2: LHS Error: 0.016901392052410813; RHS Error 0.016918291301164394
Iteration 3: LHS Error: 0.016884507450800612; RHS Error 0.016901389984701885
Iteration 4: LHS Error: 0.01686763972260863; RHS Error 0.016884505552356946
Iteration 5: LHS Error: 0.016850788850657494; RHS Error 0.016867637987270756
Converged. Total iteration 5: LHS Error: 0.016850788850657494; RHS Error 0.016867637987270756
-------------------------------------------
------------Post damage, Tech I-----------
-------------------------------------------
Grid dimension: [102, 81, 111]

Grid step: [0.04999999999999982, 0.05, 0.04999999999999982]

-----------------------------------
---------Epoch 0---------------
-----------------------------------
min i: 0.0013633079919182012,	 max i: 0.0013633079919182095	
min e: 1e-18,	 max e: 0.15502841545993507	
min x: 0.4644997237080505,	 max x: 9.867624084612179e+17	
petsc total: 0.935s
PETSc preconditioned residual norm is 4.73182e-10; iterations: 10
Epoch 0 (PETSc): PDE Error: 282200543869625472.0000000000; False Transient Error: 56.6378913589
Epoch time: 8.1273
-----------------------------------
---------Epoch 1---------------
-----------------------------------
min i: 0.0013496749119990203,	 max i: 0.0013496749119990285	
min e: 0.010840730269887308,	 max e: 1.1814359882070755	
min x: 0.45985472647097,	 max x: 9.768947843766057e+17	
petsc total: 0.785s
PETSc preconditioned residual norm is 3.66874e-10; iterations: 10
Epoch 1 (PETSc): PDE Error: 19999.5726774368; False Transient Error: 2.2865107244
Epoch time: 8.0122
-----------------------------------
---------Epoch 2---------------
-----------------------------------
min i: 0.0013361781628790312,	 max i: 0.0013361781628790394	
min e: 0.01830454023761034,	 max e: 2.3510576165320805	
min x: 0.45525617920626027,	 max x: 9.671258365328397e+17	
petsc total: 0.762s
PETSc preconditioned residual norm is 4.05057e-10; iterations: 10
Epoch 2 (PETSc): PDE Error: 29597.1279539461; False Transient Error: 1.0093575724
Epoch time: 8.0994
-----------------------------------
---------Epoch 3---------------
-----------------------------------
min i: 0.001322816381250242,	 max i: 0.00132281638125025	
min e: 0.025693712105656137,	 max e: 3.5089830285738355	
min x: 0.4507036174141977,	 max x: 9.574545781675113e+17	
petsc total: 0.767s
PETSc preconditioned residual norm is 4.79704e-10; iterations: 10
Epoch 3 (PETSc): PDE Error: 29360.1112140447; False Transient Error: 0.5744318842
Epoch time: 8.0365
-----------------------------------
---------Epoch 4---------------
-----------------------------------
min i: 0.0013095882174377405,	 max i: 0.0013095882174377486	
min e: 0.03300899225502148,	 max e: 4.655329186495172	
min x: 0.4461965812400557,	 max x: 9.478800323858362e+17	
petsc total: 0.769s
PETSc preconditioned residual norm is 5.22744e-10; iterations: 10
Epoch 4 (PETSc): PDE Error: 29124.9917898405; False Transient Error: 0.4843540324
Epoch time: 8.1427
Program ends Sat Jul 23 19:30:42 CDT 2022
